<?xml version="1.0" encoding="UTF-8"?>
<!-- Generated by org.testng.reporters.JUnitXMLReporter -->
<testsuite ignored="0" hostname="Anas-MacBook-Pro.local" failures="0" tests="2" name="Contact Us Page Tests" time="14.28" errors="0" timestamp="2021-01-28T16:57:14 EST">
  <testcase classname="smoketests.ATagsTest" name="contactFormElementsPresent" time="1.223"/>
  <testcase classname="smoketests.ContactFormPresentTestNG" name="contactFormElementsPresent" time="1.57"/>
</testsuite> <!-- Contact Us Page Tests -->
