<?xml version="1.0" encoding="UTF-8"?>
<testng-results ignored="0" total="1" passed="1" failed="0" skipped="0">
  <reporter-output>
  </reporter-output>
  <suite started-at="2021-01-29T14:17:08 EST" name="Default suite" finished-at="2021-01-29T14:17:44 EST" duration-ms="36547">
    <groups>
    </groups>
    <test started-at="2021-01-29T14:17:08 EST" name="Default test" finished-at="2021-01-29T14:17:44 EST" duration-ms="36547">
      <class name="tests.Expedia">
        <test-method is-config="true" signature="setUp()[pri:0, instance:tests.Expedia@d4342c2]" started-at="2021-01-29T14:17:08 EST" name="setUp" finished-at="2021-01-29T14:17:44 EST" duration-ms="36112" status="PASS">
          <reporter-output>
          </reporter-output>
        </test-method> <!-- setUp -->
        <test-method signature="hotelReservation()[pri:0, instance:tests.Expedia@d4342c2]" started-at="2021-01-29T14:17:44 EST" name="hotelReservation" finished-at="2021-01-29T14:17:44 EST" duration-ms="9" status="PASS">
          <reporter-output>
          </reporter-output>
        </test-method> <!-- hotelReservation -->
        <test-method is-config="true" signature="tearDown()[pri:0, instance:tests.Expedia@d4342c2]" started-at="2021-01-29T14:17:44 EST" name="tearDown" finished-at="2021-01-29T14:17:44 EST" duration-ms="316" status="PASS">
          <reporter-output>
          </reporter-output>
        </test-method> <!-- tearDown -->
      </class> <!-- tests.Expedia -->
    </test> <!-- Default test -->
  </suite> <!-- Default suite -->
</testng-results>
